2023-07-02 09:07:18 INFO  ManageBrowser :32 - launching chrome browser
2023-07-02 09:07:909 INFO  Homepage :33 - Entering username : [[ChromeDriver: chrome on WINDOWS (2f364c41c348db3de8b360f17dfc2e4c)] -> name: username]
2023-07-02 09:07:84 INFO  Homepage :37 - Entering password : [[ChromeDriver: chrome on WINDOWS (2f364c41c348db3de8b360f17dfc2e4c)] -> name: password]
2023-07-02 09:07:666 INFO  Homepage :22 - Verify Dashboard text : [[ChromeDriver: chrome on WINDOWS (2f364c41c348db3de8b360f17dfc2e4c)] -> xpath: //h6[@class='oxd-text oxd-text--h6 oxd-topbar-header-breadcrumb-module']]
2023-07-02 09:07:964 INFO  ManageBrowser :32 - launching chrome browser
2023-07-02 09:07:572 INFO  Homepage :33 - Entering username : [[ChromeDriver: chrome on WINDOWS (b1671009e8006c355a12d5720a9a9077)] -> name: username]
2023-07-02 09:07:790 INFO  Homepage :37 - Entering password : [[ChromeDriver: chrome on WINDOWS (b1671009e8006c355a12d5720a9a9077)] -> name: password]
2023-07-02 09:07:850 INFO  Homepage :22 - Verify Dashboard text : [[ChromeDriver: chrome on WINDOWS (b1671009e8006c355a12d5720a9a9077)] -> xpath: //h6[@class='oxd-text oxd-text--h6 oxd-topbar-header-breadcrumb-module']]
2023-07-04 23:07:642 INFO  ManageBrowser :33 - launching chrome browser
2023-07-04 23:07:163 INFO  ManageBrowser :33 - launching chrome browser
2023-07-04 23:07:797 INFO  SelectNationalityPage :21 - Select NationalityProxy element for: DefaultElementLocator 'By.id: response'
2023-07-04 23:07:871 INFO  ManageBrowser :33 - launching chrome browser
2023-07-05 00:07:30 INFO  ManageBrowser :33 - launching chrome browser
2023-07-05 00:07:817 INFO  StartPage :20 - Click on continue[[ChromeDriver: chrome on WINDOWS (d0a0c96ad50e7425fdc94560f4460075)] -> xpath: (//a[@role='button'])[1]]
2023-07-05 00:07:54 INFO  SelectNationalityPage :21 - Select Nationality[[ChromeDriver: chrome on WINDOWS (d0a0c96ad50e7425fdc94560f4460075)] -> id: response]
2023-07-05 00:07:187 INFO  SelectNationalityPage :25 - Click on continue[[ChromeDriver: chrome on WINDOWS (d0a0c96ad50e7425fdc94560f4460075)] -> xpath: (//button[@type='submit'])[4]]
2023-07-05 00:07:166 INFO  ReasonForTravelPage :26 - Select reason for travelling[[[ChromeDriver: chrome on WINDOWS (d0a0c96ad50e7425fdc94560f4460075)] -> xpath: //div[@class='govuk-radios']/div/label], [[ChromeDriver: chrome on WINDOWS (d0a0c96ad50e7425fdc94560f4460075)] -> xpath: //div[@class='govuk-radios']/div/label], [[ChromeDriver: chrome on WINDOWS (d0a0c96ad50e7425fdc94560f4460075)] -> xpath: //div[@class='govuk-radios']/div/label], [[ChromeDriver: chrome on WINDOWS (d0a0c96ad50e7425fdc94560f4460075)] -> xpath: //div[@class='govuk-radios']/div/label], [[ChromeDriver: chrome on WINDOWS (d0a0c96ad50e7425fdc94560f4460075)] -> xpath: //div[@class='govuk-radios']/div/label], [[ChromeDriver: chrome on WINDOWS (d0a0c96ad50e7425fdc94560f4460075)] -> xpath: //div[@class='govuk-radios']/div/label], [[ChromeDriver: chrome on WINDOWS (d0a0c96ad50e7425fdc94560f4460075)] -> xpath: //div[@class='govuk-radios']/div/label], [[ChromeDriver: chrome on WINDOWS (d0a0c96ad50e7425fdc94560f4460075)] -> xpath: //div[@class='govuk-radios']/div/label], [[ChromeDriver: chrome on WINDOWS (d0a0c96ad50e7425fdc94560f4460075)] -> xpath: //div[@class='govuk-radios']/div/label]]
2023-07-05 00:07:299 INFO  SelectNationalityPage :25 - Click on continue[[ChromeDriver: chrome on WINDOWS (d0a0c96ad50e7425fdc94560f4460075)] -> xpath: (//button[@type='submit'])[4]]
2023-07-05 00:07:359 INFO  ResultPage :20 - Verify Result Text[[ChromeDriver: chrome on WINDOWS (d0a0c96ad50e7425fdc94560f4460075)] -> xpath: //div[@class='govuk-!-margin-bottom-6']/h2]
2023-07-05 00:07:49 INFO  ManageBrowser :33 - launching chrome browser
2023-07-05 00:07:822 INFO  StartPage :20 - Click on continue[[ChromeDriver: chrome on WINDOWS (9cfe433b31a59722c695dad7997c9579)] -> xpath: (//a[@role='button'])[1]]
2023-07-05 00:07:28 INFO  SelectNationalityPage :21 - Select Nationality[[ChromeDriver: chrome on WINDOWS (9cfe433b31a59722c695dad7997c9579)] -> id: response]
2023-07-05 00:07:136 INFO  SelectNationalityPage :25 - Click on continue[[ChromeDriver: chrome on WINDOWS (9cfe433b31a59722c695dad7997c9579)] -> xpath: (//button[@type='submit'])[4]]
2023-07-05 00:07:766 INFO  ReasonForTravelPage :26 - Select reason for travelling[[[ChromeDriver: chrome on WINDOWS (9cfe433b31a59722c695dad7997c9579)] -> xpath: //div[@class='govuk-radios']/div/label], [[ChromeDriver: chrome on WINDOWS (9cfe433b31a59722c695dad7997c9579)] -> xpath: //div[@class='govuk-radios']/div/label], [[ChromeDriver: chrome on WINDOWS (9cfe433b31a59722c695dad7997c9579)] -> xpath: //div[@class='govuk-radios']/div/label], [[ChromeDriver: chrome on WINDOWS (9cfe433b31a59722c695dad7997c9579)] -> xpath: //div[@class='govuk-radios']/div/label], [[ChromeDriver: chrome on WINDOWS (9cfe433b31a59722c695dad7997c9579)] -> xpath: //div[@class='govuk-radios']/div/label], [[ChromeDriver: chrome on WINDOWS (9cfe433b31a59722c695dad7997c9579)] -> xpath: //div[@class='govuk-radios']/div/label], [[ChromeDriver: chrome on WINDOWS (9cfe433b31a59722c695dad7997c9579)] -> xpath: //div[@class='govuk-radios']/div/label], [[ChromeDriver: chrome on WINDOWS (9cfe433b31a59722c695dad7997c9579)] -> xpath: //div[@class='govuk-radios']/div/label], [[ChromeDriver: chrome on WINDOWS (9cfe433b31a59722c695dad7997c9579)] -> xpath: //div[@class='govuk-radios']/div/label]]
2023-07-05 00:07:893 INFO  SelectNationalityPage :25 - Click on continue[[ChromeDriver: chrome on WINDOWS (9cfe433b31a59722c695dad7997c9579)] -> xpath: (//button[@type='submit'])[4]]
2023-07-05 00:07:500 INFO  DurationOfStayPage :24 - select month or less[[ChromeDriver: chrome on WINDOWS (9cfe433b31a59722c695dad7997c9579)] -> xpath: (//div[@class='govuk-radios']/div/label)[1]]
2023-07-05 00:07:510 INFO  DurationOfStayPage :31 - Select month or more[[ChromeDriver: chrome on WINDOWS (9cfe433b31a59722c695dad7997c9579)] -> xpath: (//div[@class='govuk-radios']/div/label)[2]]
2023-07-05 00:07:560 INFO  SelectNationalityPage :25 - Click on continue[[ChromeDriver: chrome on WINDOWS (9cfe433b31a59722c695dad7997c9579)] -> xpath: (//button[@type='submit'])[4]]
2023-07-05 00:07:250 INFO  WorkTypePage :24 - Select Job Type[[[ChromeDriver: chrome on WINDOWS (9cfe433b31a59722c695dad7997c9579)] -> xpath: //div[@class='govuk-radios']/div/label], [[ChromeDriver: chrome on WINDOWS (9cfe433b31a59722c695dad7997c9579)] -> xpath: //div[@class='govuk-radios']/div/label], [[ChromeDriver: chrome on WINDOWS (9cfe433b31a59722c695dad7997c9579)] -> xpath: //div[@class='govuk-radios']/div/label], [[ChromeDriver: chrome on WINDOWS (9cfe433b31a59722c695dad7997c9579)] -> xpath: //div[@class='govuk-radios']/div/label], [[ChromeDriver: chrome on WINDOWS (9cfe433b31a59722c695dad7997c9579)] -> xpath: //div[@class='govuk-radios']/div/label], [[ChromeDriver: chrome on WINDOWS (9cfe433b31a59722c695dad7997c9579)] -> xpath: //div[@class='govuk-radios']/div/label], [[ChromeDriver: chrome on WINDOWS (9cfe433b31a59722c695dad7997c9579)] -> xpath: //div[@class='govuk-radios']/div/label], [[ChromeDriver: chrome on WINDOWS (9cfe433b31a59722c695dad7997c9579)] -> xpath: //div[@class='govuk-radios']/div/label]]
2023-07-05 00:07:340 INFO  SelectNationalityPage :25 - Click on continue[[ChromeDriver: chrome on WINDOWS (9cfe433b31a59722c695dad7997c9579)] -> xpath: (//button[@type='submit'])[4]]
2023-07-05 00:07:191 INFO  ResultPage :20 - Verify Result Text[[ChromeDriver: chrome on WINDOWS (9cfe433b31a59722c695dad7997c9579)] -> xpath: //div[@class='govuk-!-margin-bottom-6']/h2]
2023-07-05 00:07:854 INFO  ManageBrowser :33 - launching chrome browser
2023-07-05 00:07:556 INFO  StartPage :20 - Click on continue[[ChromeDriver: chrome on WINDOWS (a7c98037d3d4fe86fd2759bd0d5a2783)] -> xpath: (//a[@role='button'])[1]]
2023-07-05 00:07:770 INFO  SelectNationalityPage :21 - Select Nationality[[ChromeDriver: chrome on WINDOWS (a7c98037d3d4fe86fd2759bd0d5a2783)] -> id: response]
2023-07-05 00:07:877 INFO  SelectNationalityPage :25 - Click on continue[[ChromeDriver: chrome on WINDOWS (a7c98037d3d4fe86fd2759bd0d5a2783)] -> xpath: (//button[@type='submit'])[4]]
2023-07-05 00:07:808 INFO  ReasonForTravelPage :26 - Select reason for travelling[[[ChromeDriver: chrome on WINDOWS (a7c98037d3d4fe86fd2759bd0d5a2783)] -> xpath: //div[@class='govuk-radios']/div/label], [[ChromeDriver: chrome on WINDOWS (a7c98037d3d4fe86fd2759bd0d5a2783)] -> xpath: //div[@class='govuk-radios']/div/label], [[ChromeDriver: chrome on WINDOWS (a7c98037d3d4fe86fd2759bd0d5a2783)] -> xpath: //div[@class='govuk-radios']/div/label], [[ChromeDriver: chrome on WINDOWS (a7c98037d3d4fe86fd2759bd0d5a2783)] -> xpath: //div[@class='govuk-radios']/div/label], [[ChromeDriver: chrome on WINDOWS (a7c98037d3d4fe86fd2759bd0d5a2783)] -> xpath: //div[@class='govuk-radios']/div/label], [[ChromeDriver: chrome on WINDOWS (a7c98037d3d4fe86fd2759bd0d5a2783)] -> xpath: //div[@class='govuk-radios']/div/label], [[ChromeDriver: chrome on WINDOWS (a7c98037d3d4fe86fd2759bd0d5a2783)] -> xpath: //div[@class='govuk-radios']/div/label], [[ChromeDriver: chrome on WINDOWS (a7c98037d3d4fe86fd2759bd0d5a2783)] -> xpath: //div[@class='govuk-radios']/div/label], [[ChromeDriver: chrome on WINDOWS (a7c98037d3d4fe86fd2759bd0d5a2783)] -> xpath: //div[@class='govuk-radios']/div/label]]
2023-07-05 00:07:942 INFO  SelectNationalityPage :25 - Click on continue[[ChromeDriver: chrome on WINDOWS (a7c98037d3d4fe86fd2759bd0d5a2783)] -> xpath: (//button[@type='submit'])[4]]
2023-07-05 00:07:220 INFO  FamilyImmigrationStatusPage :25 - Select value yes[[ChromeDriver: chrome on WINDOWS (a7c98037d3d4fe86fd2759bd0d5a2783)] -> xpath: (//div[@class='govuk-radios']/div/label)[1]]
2023-07-05 00:07:277 INFO  SelectNationalityPage :25 - Click on continue[[ChromeDriver: chrome on WINDOWS (a7c98037d3d4fe86fd2759bd0d5a2783)] -> xpath: (//button[@type='submit'])[4]]
2023-07-05 00:07:353 INFO  ResultPage :20 - Verify Result Text[[ChromeDriver: chrome on WINDOWS (a7c98037d3d4fe86fd2759bd0d5a2783)] -> xpath: //div[@class='govuk-!-margin-bottom-6']/h2]
2023-07-05 00:07:837 INFO  ManageBrowser :33 - launching chrome browser
2023-07-05 00:07:970 INFO  StartPage :20 - Click on continue[[ChromeDriver: chrome on WINDOWS (5a822c4236275c97dba4befff2fba0ee)] -> xpath: (//a[@role='button'])[1]]
2023-07-05 00:07:229 INFO  SelectNationalityPage :21 - Select Nationality[[ChromeDriver: chrome on WINDOWS (5a822c4236275c97dba4befff2fba0ee)] -> id: response]
2023-07-05 00:07:378 INFO  SelectNationalityPage :25 - Click on continue[[ChromeDriver: chrome on WINDOWS (5a822c4236275c97dba4befff2fba0ee)] -> xpath: (//button[@type='submit'])[4]]
2023-07-05 00:07:218 INFO  ReasonForTravelPage :26 - Select reason for travelling[[[ChromeDriver: chrome on WINDOWS (5a822c4236275c97dba4befff2fba0ee)] -> xpath: //div[@class='govuk-radios']/div/label], [[ChromeDriver: chrome on WINDOWS (5a822c4236275c97dba4befff2fba0ee)] -> xpath: //div[@class='govuk-radios']/div/label], [[ChromeDriver: chrome on WINDOWS (5a822c4236275c97dba4befff2fba0ee)] -> xpath: //div[@class='govuk-radios']/div/label], [[ChromeDriver: chrome on WINDOWS (5a822c4236275c97dba4befff2fba0ee)] -> xpath: //div[@class='govuk-radios']/div/label], [[ChromeDriver: chrome on WINDOWS (5a822c4236275c97dba4befff2fba0ee)] -> xpath: //div[@class='govuk-radios']/div/label], [[ChromeDriver: chrome on WINDOWS (5a822c4236275c97dba4befff2fba0ee)] -> xpath: //div[@class='govuk-radios']/div/label], [[ChromeDriver: chrome on WINDOWS (5a822c4236275c97dba4befff2fba0ee)] -> xpath: //div[@class='govuk-radios']/div/label], [[ChromeDriver: chrome on WINDOWS (5a822c4236275c97dba4befff2fba0ee)] -> xpath: //div[@class='govuk-radios']/div/label], [[ChromeDriver: chrome on WINDOWS (5a822c4236275c97dba4befff2fba0ee)] -> xpath: //div[@class='govuk-radios']/div/label]]
2023-07-05 00:07:352 INFO  SelectNationalityPage :25 - Click on continue[[ChromeDriver: chrome on WINDOWS (5a822c4236275c97dba4befff2fba0ee)] -> xpath: (//button[@type='submit'])[4]]
2023-07-05 00:07:241 INFO  ResultPage :20 - Verify Result Text[[ChromeDriver: chrome on WINDOWS (5a822c4236275c97dba4befff2fba0ee)] -> xpath: //div[@class='govuk-!-margin-bottom-6']/h2]
2023-07-05 00:07:919 INFO  ManageBrowser :33 - launching chrome browser
2023-07-05 00:07:170 INFO  StartPage :20 - Click on continue[[ChromeDriver: chrome on WINDOWS (e9fcbd920c41a92f626b6acf7da3ca00)] -> xpath: (//a[@role='button'])[1]]
2023-07-05 00:07:372 INFO  SelectNationalityPage :21 - Select Nationality[[ChromeDriver: chrome on WINDOWS (e9fcbd920c41a92f626b6acf7da3ca00)] -> id: response]
2023-07-05 00:07:483 INFO  SelectNationalityPage :25 - Click on continue[[ChromeDriver: chrome on WINDOWS (e9fcbd920c41a92f626b6acf7da3ca00)] -> xpath: (//button[@type='submit'])[4]]
2023-07-05 00:07:224 INFO  ReasonForTravelPage :26 - Select reason for travelling[[[ChromeDriver: chrome on WINDOWS (e9fcbd920c41a92f626b6acf7da3ca00)] -> xpath: //div[@class='govuk-radios']/div/label], [[ChromeDriver: chrome on WINDOWS (e9fcbd920c41a92f626b6acf7da3ca00)] -> xpath: //div[@class='govuk-radios']/div/label], [[ChromeDriver: chrome on WINDOWS (e9fcbd920c41a92f626b6acf7da3ca00)] -> xpath: //div[@class='govuk-radios']/div/label], [[ChromeDriver: chrome on WINDOWS (e9fcbd920c41a92f626b6acf7da3ca00)] -> xpath: //div[@class='govuk-radios']/div/label], [[ChromeDriver: chrome on WINDOWS (e9fcbd920c41a92f626b6acf7da3ca00)] -> xpath: //div[@class='govuk-radios']/div/label], [[ChromeDriver: chrome on WINDOWS (e9fcbd920c41a92f626b6acf7da3ca00)] -> xpath: //div[@class='govuk-radios']/div/label], [[ChromeDriver: chrome on WINDOWS (e9fcbd920c41a92f626b6acf7da3ca00)] -> xpath: //div[@class='govuk-radios']/div/label], [[ChromeDriver: chrome on WINDOWS (e9fcbd920c41a92f626b6acf7da3ca00)] -> xpath: //div[@class='govuk-radios']/div/label], [[ChromeDriver: chrome on WINDOWS (e9fcbd920c41a92f626b6acf7da3ca00)] -> xpath: //div[@class='govuk-radios']/div/label]]
2023-07-05 00:07:355 INFO  SelectNationalityPage :25 - Click on continue[[ChromeDriver: chrome on WINDOWS (e9fcbd920c41a92f626b6acf7da3ca00)] -> xpath: (//button[@type='submit'])[4]]
2023-07-05 00:07:113 INFO  DurationOfStayPage :24 - select month or less[[ChromeDriver: chrome on WINDOWS (e9fcbd920c41a92f626b6acf7da3ca00)] -> xpath: (//div[@class='govuk-radios']/div/label)[1]]
2023-07-05 00:07:122 INFO  DurationOfStayPage :31 - Select month or more[[ChromeDriver: chrome on WINDOWS (e9fcbd920c41a92f626b6acf7da3ca00)] -> xpath: (//div[@class='govuk-radios']/div/label)[2]]
2023-07-05 00:07:170 INFO  SelectNationalityPage :25 - Click on continue[[ChromeDriver: chrome on WINDOWS (e9fcbd920c41a92f626b6acf7da3ca00)] -> xpath: (//button[@type='submit'])[4]]
2023-07-05 00:07:852 INFO  WorkTypePage :24 - Select Job Type[[[ChromeDriver: chrome on WINDOWS (e9fcbd920c41a92f626b6acf7da3ca00)] -> xpath: //div[@class='govuk-radios']/div/label], [[ChromeDriver: chrome on WINDOWS (e9fcbd920c41a92f626b6acf7da3ca00)] -> xpath: //div[@class='govuk-radios']/div/label], [[ChromeDriver: chrome on WINDOWS (e9fcbd920c41a92f626b6acf7da3ca00)] -> xpath: //div[@class='govuk-radios']/div/label], [[ChromeDriver: chrome on WINDOWS (e9fcbd920c41a92f626b6acf7da3ca00)] -> xpath: //div[@class='govuk-radios']/div/label], [[ChromeDriver: chrome on WINDOWS (e9fcbd920c41a92f626b6acf7da3ca00)] -> xpath: //div[@class='govuk-radios']/div/label], [[ChromeDriver: chrome on WINDOWS (e9fcbd920c41a92f626b6acf7da3ca00)] -> xpath: //div[@class='govuk-radios']/div/label], [[ChromeDriver: chrome on WINDOWS (e9fcbd920c41a92f626b6acf7da3ca00)] -> xpath: //div[@class='govuk-radios']/div/label], [[ChromeDriver: chrome on WINDOWS (e9fcbd920c41a92f626b6acf7da3ca00)] -> xpath: //div[@class='govuk-radios']/div/label]]
2023-07-05 00:07:963 INFO  SelectNationalityPage :25 - Click on continue[[ChromeDriver: chrome on WINDOWS (e9fcbd920c41a92f626b6acf7da3ca00)] -> xpath: (//button[@type='submit'])[4]]
2023-07-05 00:07:786 INFO  ResultPage :20 - Verify Result Text[[ChromeDriver: chrome on WINDOWS (e9fcbd920c41a92f626b6acf7da3ca00)] -> xpath: //div[@class='govuk-!-margin-bottom-6']/h2]
2023-07-05 00:07:431 INFO  ManageBrowser :33 - launching chrome browser
2023-07-05 00:07:904 INFO  StartPage :20 - Click on continue[[ChromeDriver: chrome on WINDOWS (8058849d67182091e2b591253015945d)] -> xpath: (//a[@role='button'])[1]]
2023-07-05 00:07:94 INFO  SelectNationalityPage :21 - Select Nationality[[ChromeDriver: chrome on WINDOWS (8058849d67182091e2b591253015945d)] -> id: response]
2023-07-05 00:07:221 INFO  SelectNationalityPage :25 - Click on continue[[ChromeDriver: chrome on WINDOWS (8058849d67182091e2b591253015945d)] -> xpath: (//button[@type='submit'])[4]]
2023-07-05 00:07:520 INFO  ReasonForTravelPage :26 - Select reason for travelling[[[ChromeDriver: chrome on WINDOWS (8058849d67182091e2b591253015945d)] -> xpath: //div[@class='govuk-radios']/div/label], [[ChromeDriver: chrome on WINDOWS (8058849d67182091e2b591253015945d)] -> xpath: //div[@class='govuk-radios']/div/label], [[ChromeDriver: chrome on WINDOWS (8058849d67182091e2b591253015945d)] -> xpath: //div[@class='govuk-radios']/div/label], [[ChromeDriver: chrome on WINDOWS (8058849d67182091e2b591253015945d)] -> xpath: //div[@class='govuk-radios']/div/label], [[ChromeDriver: chrome on WINDOWS (8058849d67182091e2b591253015945d)] -> xpath: //div[@class='govuk-radios']/div/label], [[ChromeDriver: chrome on WINDOWS (8058849d67182091e2b591253015945d)] -> xpath: //div[@class='govuk-radios']/div/label], [[ChromeDriver: chrome on WINDOWS (8058849d67182091e2b591253015945d)] -> xpath: //div[@class='govuk-radios']/div/label], [[ChromeDriver: chrome on WINDOWS (8058849d67182091e2b591253015945d)] -> xpath: //div[@class='govuk-radios']/div/label], [[ChromeDriver: chrome on WINDOWS (8058849d67182091e2b591253015945d)] -> xpath: //div[@class='govuk-radios']/div/label]]
2023-07-05 00:07:657 INFO  SelectNationalityPage :25 - Click on continue[[ChromeDriver: chrome on WINDOWS (8058849d67182091e2b591253015945d)] -> xpath: (//button[@type='submit'])[4]]
2023-07-05 00:07:143 INFO  FamilyImmigrationStatusPage :25 - Select value yes[[ChromeDriver: chrome on WINDOWS (8058849d67182091e2b591253015945d)] -> xpath: (//div[@class='govuk-radios']/div/label)[1]]
2023-07-05 00:07:184 INFO  SelectNationalityPage :25 - Click on continue[[ChromeDriver: chrome on WINDOWS (8058849d67182091e2b591253015945d)] -> xpath: (//button[@type='submit'])[4]]
2023-07-05 00:07:888 INFO  ResultPage :20 - Verify Result Text[[ChromeDriver: chrome on WINDOWS (8058849d67182091e2b591253015945d)] -> xpath: //div[@class='govuk-!-margin-bottom-6']/h2]
