2023-07-02 09:07:18 INFO  ManageBrowser :32 - launching chrome browser
2023-07-02 09:07:909 INFO  Homepage :33 - Entering username : [[ChromeDriver: chrome on WINDOWS (2f364c41c348db3de8b360f17dfc2e4c)] -> name: username]
2023-07-02 09:07:84 INFO  Homepage :37 - Entering password : [[ChromeDriver: chrome on WINDOWS (2f364c41c348db3de8b360f17dfc2e4c)] -> name: password]
2023-07-02 09:07:666 INFO  Homepage :22 - Verify Dashboard text : [[ChromeDriver: chrome on WINDOWS (2f364c41c348db3de8b360f17dfc2e4c)] -> xpath: //h6[@class='oxd-text oxd-text--h6 oxd-topbar-header-breadcrumb-module']]
2023-07-02 09:07:964 INFO  ManageBrowser :32 - launching chrome browser
2023-07-02 09:07:572 INFO  Homepage :33 - Entering username : [[ChromeDriver: chrome on WINDOWS (b1671009e8006c355a12d5720a9a9077)] -> name: username]
2023-07-02 09:07:790 INFO  Homepage :37 - Entering password : [[ChromeDriver: chrome on WINDOWS (b1671009e8006c355a12d5720a9a9077)] -> name: password]
2023-07-02 09:07:850 INFO  Homepage :22 - Verify Dashboard text : [[ChromeDriver: chrome on WINDOWS (b1671009e8006c355a12d5720a9a9077)] -> xpath: //h6[@class='oxd-text oxd-text--h6 oxd-topbar-header-breadcrumb-module']]
2023-07-04 12:07:138 INFO  ManageBrowser :32 - launching chrome browser
2023-07-04 12:07:155 INFO  HomePage :47 - Enter Username[[ChromeDriver: chrome on WINDOWS (b570b2f2185da883600495db9d6277c4)] -> xpath: //input[@name='username']]
2023-07-04 12:07:289 INFO  HomePage :51 - Enter Password[[ChromeDriver: chrome on WINDOWS (b570b2f2185da883600495db9d6277c4)] -> xpath: //input[@name='password']]
2023-07-04 12:07:483 INFO  HomePage :55 - Click on Login Button[[ChromeDriver: chrome on WINDOWS (b570b2f2185da883600495db9d6277c4)] -> xpath: //input[@value='Log In']]
2023-07-04 12:07:110 INFO  HomePage :59 - Verify Text[[ChromeDriver: chrome on WINDOWS (b570b2f2185da883600495db9d6277c4)] -> xpath: //h1[@class='title']]
2023-07-04 12:07:48 INFO  ManageBrowser :32 - launching chrome browser
2023-07-04 12:07:371 INFO  HomePage :74 - Click on Register Button[[ChromeDriver: chrome on WINDOWS (398d10bfe83b62380afad4a00842a035)] -> link text: Register]
2023-07-04 12:07:899 INFO  HomePage :78 - Enter Firstname[[ChromeDriver: chrome on WINDOWS (398d10bfe83b62380afad4a00842a035)] -> id: customer.firstName]
2023-07-04 12:07:24 INFO  HomePage :82 - Enter Lastname[[ChromeDriver: chrome on WINDOWS (398d10bfe83b62380afad4a00842a035)] -> id: customer.lastName]
2023-07-04 12:07:122 INFO  HomePage :86 - Enter Street Address[[ChromeDriver: chrome on WINDOWS (398d10bfe83b62380afad4a00842a035)] -> id: customer.address.street]
2023-07-04 12:07:212 INFO  HomePage :90 - Enter City[[ChromeDriver: chrome on WINDOWS (398d10bfe83b62380afad4a00842a035)] -> id: customer.address.city]
2023-07-04 12:07:317 INFO  HomePage :94 - Enter State[[ChromeDriver: chrome on WINDOWS (398d10bfe83b62380afad4a00842a035)] -> id: customer.address.state]
2023-07-04 12:07:428 INFO  HomePage :98 - Enter Zipcode[[ChromeDriver: chrome on WINDOWS (398d10bfe83b62380afad4a00842a035)] -> id: customer.address.zipCode]
2023-07-04 12:07:511 INFO  HomePage :102 - Enter Phone number[[ChromeDriver: chrome on WINDOWS (398d10bfe83b62380afad4a00842a035)] -> id: customer.phoneNumber]
2023-07-04 12:07:622 INFO  HomePage :110 - Enter Social Security no.[[ChromeDriver: chrome on WINDOWS (398d10bfe83b62380afad4a00842a035)] -> id: customer.ssn]
2023-07-04 12:07:720 INFO  HomePage :106 - Enter Username[[ChromeDriver: chrome on WINDOWS (398d10bfe83b62380afad4a00842a035)] -> id: customer.username]
2023-07-04 12:07:828 INFO  HomePage :114 - Enter Password[[ChromeDriver: chrome on WINDOWS (398d10bfe83b62380afad4a00842a035)] -> id: customer.password]
2023-07-04 12:07:910 INFO  HomePage :118 - Enter Confirm Password[[ChromeDriver: chrome on WINDOWS (398d10bfe83b62380afad4a00842a035)] -> id: repeatedPassword]
2023-07-04 12:07:11 INFO  HomePage :122 - Click on Register Button[[ChromeDriver: chrome on WINDOWS (398d10bfe83b62380afad4a00842a035)] -> xpath: //input[@value='Register']]
2023-07-04 12:07:394 INFO  HomePage :126 - Verify Account Created Text[[ChromeDriver: chrome on WINDOWS (398d10bfe83b62380afad4a00842a035)] -> xpath: //div[@id='rightPanel']/p]
2023-07-04 12:07:13 INFO  ManageBrowser :32 - launching chrome browser
2023-07-04 12:07:198 INFO  HomePage :47 - Enter Username[[ChromeDriver: chrome on WINDOWS (9d0029c08f7543136b7898fcbbea4f0a)] -> xpath: //input[@name='username']]
2023-07-04 12:07:511 INFO  HomePage :51 - Enter Password[[ChromeDriver: chrome on WINDOWS (9d0029c08f7543136b7898fcbbea4f0a)] -> xpath: //input[@name='password']]
2023-07-04 12:07:748 INFO  HomePage :55 - Click on Login Button[[ChromeDriver: chrome on WINDOWS (9d0029c08f7543136b7898fcbbea4f0a)] -> xpath: //input[@value='Log In']]
2023-07-04 12:07:528 INFO  HomePage :59 - Verify Text[[ChromeDriver: chrome on WINDOWS (9d0029c08f7543136b7898fcbbea4f0a)] -> xpath: //h1[@class='title']]
2023-07-04 12:07:597 INFO  HomePage :67 - Click on Logout Button[[ChromeDriver: chrome on WINDOWS (9d0029c08f7543136b7898fcbbea4f0a)] -> xpath: //div[@id='leftPanel']/ul/li[8]/a]
2023-07-04 12:07:96 INFO  HomePage :71 - Verify Customer Login Text[[ChromeDriver: chrome on WINDOWS (9d0029c08f7543136b7898fcbbea4f0a)] -> xpath: //div[@id='leftPanel']/h2]
2023-07-04 12:07:32 INFO  ManageBrowser :32 - launching chrome browser
2023-07-04 12:07:987 INFO  HomePage :47 - Enter Username[[ChromeDriver: chrome on WINDOWS (ea2452c29bc95ba7067e770407ddff4b)] -> xpath: //input[@name='username']]
2023-07-04 12:07:196 INFO  HomePage :51 - Enter Password[[ChromeDriver: chrome on WINDOWS (ea2452c29bc95ba7067e770407ddff4b)] -> xpath: //input[@name='password']]
2023-07-04 12:07:355 INFO  HomePage :55 - Click on Login Button[[ChromeDriver: chrome on WINDOWS (ea2452c29bc95ba7067e770407ddff4b)] -> xpath: //input[@value='Log In']]
2023-07-04 12:07:226 INFO  HomePage :63 - Verify Error Text[[ChromeDriver: chrome on WINDOWS (ea2452c29bc95ba7067e770407ddff4b)] -> xpath: //p[@class='error']]
2023-07-04 12:07:625 INFO  ManageBrowser :32 - launching chrome browser
2023-07-04 12:07:07 INFO  HomePage :47 - Enter Username[[ChromeDriver: chrome on WINDOWS (e7a38650007e6fe03026edd5bbbb0b0c)] -> xpath: //input[@name='username']]
2023-07-04 12:07:242 INFO  HomePage :51 - Enter Password[[ChromeDriver: chrome on WINDOWS (e7a38650007e6fe03026edd5bbbb0b0c)] -> xpath: //input[@name='password']]
2023-07-04 12:07:462 INFO  HomePage :55 - Click on Login Button[[ChromeDriver: chrome on WINDOWS (e7a38650007e6fe03026edd5bbbb0b0c)] -> xpath: //input[@value='Log In']]
2023-07-04 12:07:277 INFO  HomePage :63 - Verify Error Text[[ChromeDriver: chrome on WINDOWS (e7a38650007e6fe03026edd5bbbb0b0c)] -> xpath: //p[@class='error']]
2023-07-04 12:07:634 INFO  ManageBrowser :32 - launching chrome browser
2023-07-04 12:07:499 INFO  HomePage :47 - Enter Username[[ChromeDriver: chrome on WINDOWS (2417094e4d62d1906d2b9860d15f0f44)] -> xpath: //input[@name='username']]
2023-07-04 12:07:691 INFO  HomePage :51 - Enter Password[[ChromeDriver: chrome on WINDOWS (2417094e4d62d1906d2b9860d15f0f44)] -> xpath: //input[@name='password']]
2023-07-04 12:07:868 INFO  HomePage :55 - Click on Login Button[[ChromeDriver: chrome on WINDOWS (2417094e4d62d1906d2b9860d15f0f44)] -> xpath: //input[@value='Log In']]
2023-07-04 12:07:524 INFO  HomePage :63 - Verify Error Text[[ChromeDriver: chrome on WINDOWS (2417094e4d62d1906d2b9860d15f0f44)] -> xpath: //p[@class='error']]
2023-07-04 12:07:382 INFO  ManageBrowser :32 - launching chrome browser
2023-07-04 12:07:218 INFO  HomePage :47 - Enter Username[[ChromeDriver: chrome on WINDOWS (713fbb0479739eea6ee99e86ff5edcc1)] -> xpath: //input[@name='username']]
2023-07-04 12:07:348 INFO  HomePage :51 - Enter Password[[ChromeDriver: chrome on WINDOWS (713fbb0479739eea6ee99e86ff5edcc1)] -> xpath: //input[@name='password']]
2023-07-04 12:07:473 INFO  HomePage :55 - Click on Login Button[[ChromeDriver: chrome on WINDOWS (713fbb0479739eea6ee99e86ff5edcc1)] -> xpath: //input[@value='Log In']]
2023-07-04 12:07:431 INFO  HomePage :59 - Verify Text[[ChromeDriver: chrome on WINDOWS (713fbb0479739eea6ee99e86ff5edcc1)] -> xpath: //h1[@class='title']]
2023-07-04 12:07:484 INFO  HomePage :67 - Click on Logout Button[[ChromeDriver: chrome on WINDOWS (713fbb0479739eea6ee99e86ff5edcc1)] -> xpath: //div[@id='leftPanel']/ul/li[8]/a]
2023-07-04 12:07:892 INFO  HomePage :71 - Verify Customer Login Text[[ChromeDriver: chrome on WINDOWS (713fbb0479739eea6ee99e86ff5edcc1)] -> xpath: //div[@id='leftPanel']/h2]
2023-07-04 12:07:713 INFO  ManageBrowser :32 - launching chrome browser
2023-07-04 12:07:129 INFO  HomePage :47 - Enter Username[[ChromeDriver: chrome on WINDOWS (b20d62c259c7f21c6a8ccf6a0002090f)] -> xpath: //input[@name='username']]
2023-07-04 12:07:334 INFO  HomePage :51 - Enter Password[[ChromeDriver: chrome on WINDOWS (b20d62c259c7f21c6a8ccf6a0002090f)] -> xpath: //input[@name='password']]
2023-07-04 12:07:483 INFO  HomePage :55 - Click on Login Button[[ChromeDriver: chrome on WINDOWS (b20d62c259c7f21c6a8ccf6a0002090f)] -> xpath: //input[@value='Log In']]
2023-07-04 12:07:830 INFO  HomePage :63 - Verify Error Text[[ChromeDriver: chrome on WINDOWS (b20d62c259c7f21c6a8ccf6a0002090f)] -> xpath: //p[@class='error']]
2023-07-04 12:07:89 INFO  ManageBrowser :32 - launching chrome browser
2023-07-04 12:07:735 INFO  HomePage :47 - Enter Username[[ChromeDriver: chrome on WINDOWS (7085a6e1beca7cc9262a937181ff9f74)] -> xpath: //input[@name='username']]
2023-07-04 12:07:891 INFO  HomePage :51 - Enter Password[[ChromeDriver: chrome on WINDOWS (7085a6e1beca7cc9262a937181ff9f74)] -> xpath: //input[@name='password']]
2023-07-04 12:07:63 INFO  HomePage :55 - Click on Login Button[[ChromeDriver: chrome on WINDOWS (7085a6e1beca7cc9262a937181ff9f74)] -> xpath: //input[@value='Log In']]
2023-07-04 12:07:853 INFO  HomePage :63 - Verify Error Text[[ChromeDriver: chrome on WINDOWS (7085a6e1beca7cc9262a937181ff9f74)] -> xpath: //p[@class='error']]
2023-07-04 12:07:167 INFO  ManageBrowser :32 - launching chrome browser
2023-07-04 13:07:181 INFO  HomePage :47 - Enter Username[[ChromeDriver: chrome on WINDOWS (6eb0ab0a608bb2cb868c739243cbafa5)] -> xpath: //input[@name='username']]
2023-07-04 13:07:339 INFO  HomePage :51 - Enter Password[[ChromeDriver: chrome on WINDOWS (6eb0ab0a608bb2cb868c739243cbafa5)] -> xpath: //input[@name='password']]
2023-07-04 13:07:506 INFO  HomePage :55 - Click on Login Button[[ChromeDriver: chrome on WINDOWS (6eb0ab0a608bb2cb868c739243cbafa5)] -> xpath: //input[@value='Log In']]
2023-07-04 13:07:03 INFO  HomePage :63 - Verify Error Text[[ChromeDriver: chrome on WINDOWS (6eb0ab0a608bb2cb868c739243cbafa5)] -> xpath: //p[@class='error']]
2023-07-04 13:07:723 INFO  ManageBrowser :32 - launching chrome browser
2023-07-04 13:07:376 INFO  HomePage :47 - Enter Username[[ChromeDriver: chrome on WINDOWS (f8e1e719951c7530ba5e790a104963ad)] -> xpath: //input[@name='username']]
2023-07-04 13:07:470 INFO  HomePage :51 - Enter Password[[ChromeDriver: chrome on WINDOWS (f8e1e719951c7530ba5e790a104963ad)] -> xpath: //input[@name='password']]
2023-07-04 13:07:588 INFO  HomePage :55 - Click on Login Button[[ChromeDriver: chrome on WINDOWS (f8e1e719951c7530ba5e790a104963ad)] -> xpath: //input[@value='Log In']]
2023-07-04 13:07:181 INFO  HomePage :59 - Verify Text[[ChromeDriver: chrome on WINDOWS (f8e1e719951c7530ba5e790a104963ad)] -> xpath: //h1[@class='title']]
2023-07-04 13:07:239 INFO  HomePage :67 - Click on Logout Button[[ChromeDriver: chrome on WINDOWS (f8e1e719951c7530ba5e790a104963ad)] -> xpath: //div[@id='leftPanel']/ul/li[8]/a]
2023-07-04 13:07:589 INFO  HomePage :71 - Verify Customer Login Text[[ChromeDriver: chrome on WINDOWS (f8e1e719951c7530ba5e790a104963ad)] -> xpath: //div[@id='leftPanel']/h2]
2023-07-04 13:07:457 INFO  ManageBrowser :32 - launching chrome browser
2023-07-04 13:07:844 INFO  HomePage :47 - Enter Username[[ChromeDriver: chrome on WINDOWS (d73435dae094e0342d834f3bce9d8693)] -> xpath: //input[@name='username']]
2023-07-04 13:07:38 INFO  HomePage :51 - Enter Password[[ChromeDriver: chrome on WINDOWS (d73435dae094e0342d834f3bce9d8693)] -> xpath: //input[@name='password']]
2023-07-04 13:07:172 INFO  HomePage :55 - Click on Login Button[[ChromeDriver: chrome on WINDOWS (d73435dae094e0342d834f3bce9d8693)] -> xpath: //input[@value='Log In']]
2023-07-04 13:07:530 INFO  HomePage :63 - Verify Error Text[[ChromeDriver: chrome on WINDOWS (d73435dae094e0342d834f3bce9d8693)] -> xpath: //*[@id='rightPanel']/p]
2023-07-04 13:07:379 INFO  ManageBrowser :32 - launching chrome browser
2023-07-04 13:07:641 INFO  HomePage :47 - Enter Username[[ChromeDriver: chrome on WINDOWS (9d2041361def43ae12d88e674ed16615)] -> xpath: //input[@name='username']]
2023-07-04 13:07:819 INFO  HomePage :51 - Enter Password[[ChromeDriver: chrome on WINDOWS (9d2041361def43ae12d88e674ed16615)] -> xpath: //input[@name='password']]
2023-07-04 13:07:979 INFO  HomePage :55 - Click on Login Button[[ChromeDriver: chrome on WINDOWS (9d2041361def43ae12d88e674ed16615)] -> xpath: //input[@value='Log In']]
2023-07-04 13:07:371 INFO  HomePage :63 - Verify Error Text[[ChromeDriver: chrome on WINDOWS (9d2041361def43ae12d88e674ed16615)] -> xpath: //*[@id='rightPanel']/p]
2023-07-04 13:07:258 INFO  ManageBrowser :32 - launching chrome browser
2023-07-04 13:07:69 INFO  HomePage :47 - Enter Username[[ChromeDriver: chrome on WINDOWS (b2e4ff2cb149d3b2dcb92d5617d4581f)] -> xpath: //input[@name='username']]
2023-07-04 13:07:207 INFO  HomePage :51 - Enter Password[[ChromeDriver: chrome on WINDOWS (b2e4ff2cb149d3b2dcb92d5617d4581f)] -> xpath: //input[@name='password']]
2023-07-04 13:07:336 INFO  HomePage :55 - Click on Login Button[[ChromeDriver: chrome on WINDOWS (b2e4ff2cb149d3b2dcb92d5617d4581f)] -> xpath: //input[@value='Log In']]
2023-07-04 13:07:694 INFO  HomePage :63 - Verify Error Text[[ChromeDriver: chrome on WINDOWS (b2e4ff2cb149d3b2dcb92d5617d4581f)] -> xpath: //*[@id='rightPanel']/p]
2023-07-04 13:07:120 INFO  ManageBrowser :32 - launching chrome browser
2023-07-04 13:07:650 INFO  HomePage :47 - Enter Username[[ChromeDriver: chrome on WINDOWS (1fa015b7c69fa718c10c3a5c6a3659b6)] -> xpath: //input[@name='username']]
2023-07-04 13:07:978 INFO  HomePage :51 - Enter Password[[ChromeDriver: chrome on WINDOWS (1fa015b7c69fa718c10c3a5c6a3659b6)] -> xpath: //input[@name='password']]
2023-07-04 13:07:167 INFO  HomePage :55 - Click on Login Button[[ChromeDriver: chrome on WINDOWS (1fa015b7c69fa718c10c3a5c6a3659b6)] -> xpath: //input[@value='Log In']]
2023-07-04 13:07:938 INFO  HomePage :59 - Verify Text[[ChromeDriver: chrome on WINDOWS (1fa015b7c69fa718c10c3a5c6a3659b6)] -> xpath: //h1[@class='title']]
2023-07-04 13:07:29 INFO  HomePage :67 - Click on Logout Button[[ChromeDriver: chrome on WINDOWS (1fa015b7c69fa718c10c3a5c6a3659b6)] -> xpath: //div[@id='leftPanel']/ul/li[8]/a]
2023-07-04 13:07:449 INFO  HomePage :71 - Verify Customer Login Text[[ChromeDriver: chrome on WINDOWS (1fa015b7c69fa718c10c3a5c6a3659b6)] -> xpath: //div[@id='leftPanel']/h2]
2023-07-04 13:07:358 INFO  ManageBrowser :32 - launching chrome browser
2023-07-04 13:07:102 INFO  HomePage :47 - Enter Username[[ChromeDriver: chrome on WINDOWS (4b7c6c3fd4694e7a4b4e1a1c35c1b774)] -> xpath: //input[@name='username']]
2023-07-04 13:07:418 INFO  HomePage :51 - Enter Password[[ChromeDriver: chrome on WINDOWS (4b7c6c3fd4694e7a4b4e1a1c35c1b774)] -> xpath: //input[@name='password']]
2023-07-04 13:07:618 INFO  HomePage :55 - Click on Login Button[[ChromeDriver: chrome on WINDOWS (4b7c6c3fd4694e7a4b4e1a1c35c1b774)] -> xpath: //input[@value='Log In']]
2023-07-04 13:07:159 INFO  HomePage :63 - Verify Error Text[[ChromeDriver: chrome on WINDOWS (4b7c6c3fd4694e7a4b4e1a1c35c1b774)] -> xpath: //*[@id='rightPanel']/p]
2023-07-04 13:07:138 INFO  ManageBrowser :32 - launching chrome browser
2023-07-04 13:07:771 INFO  HomePage :47 - Enter Username[[ChromeDriver: chrome on WINDOWS (02d128ba5d08f4e547227a32b7353992)] -> xpath: //input[@name='username']]
2023-07-04 13:07:09 INFO  HomePage :51 - Enter Password[[ChromeDriver: chrome on WINDOWS (02d128ba5d08f4e547227a32b7353992)] -> xpath: //input[@name='password']]
2023-07-04 13:07:239 INFO  HomePage :55 - Click on Login Button[[ChromeDriver: chrome on WINDOWS (02d128ba5d08f4e547227a32b7353992)] -> xpath: //input[@value='Log In']]
2023-07-04 13:07:776 INFO  HomePage :63 - Verify Error Text[[ChromeDriver: chrome on WINDOWS (02d128ba5d08f4e547227a32b7353992)] -> xpath: //*[@id='rightPanel']/p]
2023-07-04 13:07:666 INFO  ManageBrowser :32 - launching chrome browser
2023-07-04 13:07:354 INFO  HomePage :47 - Enter Username[[ChromeDriver: chrome on WINDOWS (1a2a5d038a4b771e7d842d2d5c85c86f)] -> xpath: //input[@name='username']]
2023-07-04 13:07:528 INFO  HomePage :51 - Enter Password[[ChromeDriver: chrome on WINDOWS (1a2a5d038a4b771e7d842d2d5c85c86f)] -> xpath: //input[@name='password']]
2023-07-04 13:07:694 INFO  HomePage :55 - Click on Login Button[[ChromeDriver: chrome on WINDOWS (1a2a5d038a4b771e7d842d2d5c85c86f)] -> xpath: //input[@value='Log In']]
2023-07-04 13:07:280 INFO  HomePage :63 - Verify Error Text[[ChromeDriver: chrome on WINDOWS (1a2a5d038a4b771e7d842d2d5c85c86f)] -> xpath: //*[@id='rightPanel']/p]
2023-07-04 13:07:246 INFO  ManageBrowser :32 - launching chrome browser
2023-07-04 13:07:558 INFO  HomePage :74 - Click on Register Button[[ChromeDriver: chrome on WINDOWS (ef22e1224be9d4e0b4c24165b7cfae65)] -> link text: Register]
2023-07-04 13:07:76 INFO  HomePage :78 - Enter Firstname[[ChromeDriver: chrome on WINDOWS (ef22e1224be9d4e0b4c24165b7cfae65)] -> id: customer.firstName]
2023-07-04 13:07:326 INFO  HomePage :82 - Enter Lastname[[ChromeDriver: chrome on WINDOWS (ef22e1224be9d4e0b4c24165b7cfae65)] -> id: customer.lastName]
2023-07-04 13:07:519 INFO  HomePage :86 - Enter Street Address[[ChromeDriver: chrome on WINDOWS (ef22e1224be9d4e0b4c24165b7cfae65)] -> id: customer.address.street]
2023-07-04 13:07:662 INFO  HomePage :90 - Enter City[[ChromeDriver: chrome on WINDOWS (ef22e1224be9d4e0b4c24165b7cfae65)] -> id: customer.address.city]
2023-07-04 13:07:805 INFO  HomePage :94 - Enter State[[ChromeDriver: chrome on WINDOWS (ef22e1224be9d4e0b4c24165b7cfae65)] -> id: customer.address.state]
2023-07-04 13:07:943 INFO  HomePage :98 - Enter Zipcode[[ChromeDriver: chrome on WINDOWS (ef22e1224be9d4e0b4c24165b7cfae65)] -> id: customer.address.zipCode]
2023-07-04 13:07:69 INFO  HomePage :102 - Enter Phone number[[ChromeDriver: chrome on WINDOWS (ef22e1224be9d4e0b4c24165b7cfae65)] -> id: customer.phoneNumber]
2023-07-04 13:07:200 INFO  HomePage :110 - Enter Social Security no.[[ChromeDriver: chrome on WINDOWS (ef22e1224be9d4e0b4c24165b7cfae65)] -> id: customer.ssn]
2023-07-04 13:07:371 INFO  HomePage :106 - Enter Username[[ChromeDriver: chrome on WINDOWS (ef22e1224be9d4e0b4c24165b7cfae65)] -> id: customer.username]
2023-07-04 13:07:550 INFO  HomePage :114 - Enter Password[[ChromeDriver: chrome on WINDOWS (ef22e1224be9d4e0b4c24165b7cfae65)] -> id: customer.password]
2023-07-04 13:07:683 INFO  HomePage :118 - Enter Confirm Password[[ChromeDriver: chrome on WINDOWS (ef22e1224be9d4e0b4c24165b7cfae65)] -> id: repeatedPassword]
2023-07-04 13:07:824 INFO  HomePage :122 - Click on Register Button[[ChromeDriver: chrome on WINDOWS (ef22e1224be9d4e0b4c24165b7cfae65)] -> xpath: //input[@value='Register']]
2023-07-04 13:07:439 INFO  HomePage :126 - Verify Account Created Text[[ChromeDriver: chrome on WINDOWS (ef22e1224be9d4e0b4c24165b7cfae65)] -> xpath: //div[@id='rightPanel']/p]
2023-07-04 13:07:735 INFO  ManageBrowser :32 - launching chrome browser
2023-07-04 13:07:572 INFO  HomePage :76 - Click on Register Button[[ChromeDriver: chrome on WINDOWS (5d7b41e3422031b4912cfbd9ea833ede)] -> link text: Register]
2023-07-04 13:07:157 INFO  HomePage :80 - Enter Firstname[[ChromeDriver: chrome on WINDOWS (5d7b41e3422031b4912cfbd9ea833ede)] -> id: customer.firstName]
2023-07-04 13:07:395 INFO  HomePage :84 - Enter Lastname[[ChromeDriver: chrome on WINDOWS (5d7b41e3422031b4912cfbd9ea833ede)] -> id: customer.lastName]
2023-07-04 13:07:598 INFO  HomePage :88 - Enter Street Address[[ChromeDriver: chrome on WINDOWS (5d7b41e3422031b4912cfbd9ea833ede)] -> id: customer.address.street]
2023-07-04 13:07:735 INFO  HomePage :92 - Enter City[[ChromeDriver: chrome on WINDOWS (5d7b41e3422031b4912cfbd9ea833ede)] -> id: customer.address.city]
2023-07-04 13:07:881 INFO  HomePage :96 - Enter State[[ChromeDriver: chrome on WINDOWS (5d7b41e3422031b4912cfbd9ea833ede)] -> id: customer.address.state]
2023-07-04 13:07:07 INFO  HomePage :100 - Enter Zipcode[[ChromeDriver: chrome on WINDOWS (5d7b41e3422031b4912cfbd9ea833ede)] -> id: customer.address.zipCode]
2023-07-04 13:07:171 INFO  HomePage :104 - Enter Phone number[[ChromeDriver: chrome on WINDOWS (5d7b41e3422031b4912cfbd9ea833ede)] -> id: customer.phoneNumber]
2023-07-04 13:07:340 INFO  HomePage :114 - Enter Social Security no.[[ChromeDriver: chrome on WINDOWS (5d7b41e3422031b4912cfbd9ea833ede)] -> id: customer.ssn]
2023-07-04 13:07:474 INFO  HomePage :108 - Enter Username[[ChromeDriver: chrome on WINDOWS (5d7b41e3422031b4912cfbd9ea833ede)] -> id: customer.username]
2023-07-04 13:07:657 INFO  HomePage :118 - Enter Password[[ChromeDriver: chrome on WINDOWS (5d7b41e3422031b4912cfbd9ea833ede)] -> id: customer.password]
2023-07-04 13:07:806 INFO  HomePage :122 - Enter Confirm Password[[ChromeDriver: chrome on WINDOWS (5d7b41e3422031b4912cfbd9ea833ede)] -> id: repeatedPassword]
2023-07-04 13:07:955 INFO  HomePage :126 - Click on Register Button[[ChromeDriver: chrome on WINDOWS (5d7b41e3422031b4912cfbd9ea833ede)] -> xpath: //input[@value='Register']]
2023-07-04 13:07:505 INFO  HomePage :130 - Verify Account Created Text[[ChromeDriver: chrome on WINDOWS (5d7b41e3422031b4912cfbd9ea833ede)] -> xpath: //div[@id='rightPanel']/p]
2023-07-04 13:07:477 INFO  ManageBrowser :32 - launching chrome browser
2023-07-04 13:07:178 INFO  HomePage :47 - Enter Username[[ChromeDriver: chrome on WINDOWS (eba067bac7c7af50e053ea094f0e2f37)] -> xpath: //input[@name='username']]
2023-07-04 13:07:251 INFO  HomePage :51 - Enter Password[[ChromeDriver: chrome on WINDOWS (eba067bac7c7af50e053ea094f0e2f37)] -> xpath: //input[@name='password']]
2023-07-04 13:07:347 INFO  HomePage :55 - Click on Login Button[[ChromeDriver: chrome on WINDOWS (eba067bac7c7af50e053ea094f0e2f37)] -> xpath: //input[@value='Log In']]
2023-07-04 13:07:649 INFO  HomePage :59 - Verify Text[[ChromeDriver: chrome on WINDOWS (eba067bac7c7af50e053ea094f0e2f37)] -> xpath: //h1[@class='title']]
2023-07-04 13:07:589 INFO  ManageBrowser :32 - launching chrome browser
2023-07-04 13:07:294 INFO  HomePage :47 - Enter Username[[ChromeDriver: chrome on WINDOWS (bd6ee0b8a2d20df3196f86fbc100e275)] -> xpath: //input[@name='username']]
2023-07-04 13:07:419 INFO  HomePage :51 - Enter Password[[ChromeDriver: chrome on WINDOWS (bd6ee0b8a2d20df3196f86fbc100e275)] -> xpath: //input[@name='password']]
2023-07-04 13:07:540 INFO  HomePage :55 - Click on Login Button[[ChromeDriver: chrome on WINDOWS (bd6ee0b8a2d20df3196f86fbc100e275)] -> xpath: //input[@value='Log In']]
2023-07-04 13:07:812 INFO  HomePage :63 - Verify Error Text[[ChromeDriver: chrome on WINDOWS (bd6ee0b8a2d20df3196f86fbc100e275)] -> xpath: //*[@id='rightPanel']/p]
2023-07-04 13:07:499 INFO  ManageBrowser :32 - launching chrome browser
2023-07-04 13:07:278 INFO  HomePage :47 - Enter Username[[ChromeDriver: chrome on WINDOWS (4351412822d220f3d0b0ca850dc49687)] -> xpath: //input[@name='username']]
2023-07-04 13:07:452 INFO  HomePage :51 - Enter Password[[ChromeDriver: chrome on WINDOWS (4351412822d220f3d0b0ca850dc49687)] -> xpath: //input[@name='password']]
2023-07-04 13:07:550 INFO  HomePage :55 - Click on Login Button[[ChromeDriver: chrome on WINDOWS (4351412822d220f3d0b0ca850dc49687)] -> xpath: //input[@value='Log In']]
2023-07-04 13:07:817 INFO  HomePage :63 - Verify Error Text[[ChromeDriver: chrome on WINDOWS (4351412822d220f3d0b0ca850dc49687)] -> xpath: //*[@id='rightPanel']/p]
2023-07-04 13:07:495 INFO  ManageBrowser :32 - launching chrome browser
2023-07-04 13:07:376 INFO  HomePage :47 - Enter Username[[ChromeDriver: chrome on WINDOWS (f807bcc043e4ac7b19806031646cc8bd)] -> xpath: //input[@name='username']]
2023-07-04 13:07:489 INFO  HomePage :51 - Enter Password[[ChromeDriver: chrome on WINDOWS (f807bcc043e4ac7b19806031646cc8bd)] -> xpath: //input[@name='password']]
2023-07-04 13:07:610 INFO  HomePage :55 - Click on Login Button[[ChromeDriver: chrome on WINDOWS (f807bcc043e4ac7b19806031646cc8bd)] -> xpath: //input[@value='Log In']]
2023-07-04 13:07:864 INFO  HomePage :63 - Verify Error Text[[ChromeDriver: chrome on WINDOWS (f807bcc043e4ac7b19806031646cc8bd)] -> xpath: //*[@id='rightPanel']/p]
2023-07-04 13:07:549 INFO  ManageBrowser :32 - launching chrome browser
2023-07-04 13:07:673 INFO  HomePage :76 - Click on Register Button[[ChromeDriver: chrome on WINDOWS (e72af8b7892509c87fb5f0aea2fb842a)] -> link text: Register]
2023-07-04 13:07:954 INFO  HomePage :80 - Enter Firstname[[ChromeDriver: chrome on WINDOWS (e72af8b7892509c87fb5f0aea2fb842a)] -> id: customer.firstName]
2023-07-04 13:07:47 INFO  HomePage :84 - Enter Lastname[[ChromeDriver: chrome on WINDOWS (e72af8b7892509c87fb5f0aea2fb842a)] -> id: customer.lastName]
2023-07-04 13:07:109 INFO  HomePage :88 - Enter Street Address[[ChromeDriver: chrome on WINDOWS (e72af8b7892509c87fb5f0aea2fb842a)] -> id: customer.address.street]
2023-07-04 13:07:165 INFO  HomePage :92 - Enter City[[ChromeDriver: chrome on WINDOWS (e72af8b7892509c87fb5f0aea2fb842a)] -> id: customer.address.city]
2023-07-04 13:07:231 INFO  HomePage :96 - Enter State[[ChromeDriver: chrome on WINDOWS (e72af8b7892509c87fb5f0aea2fb842a)] -> id: customer.address.state]
2023-07-04 13:07:282 INFO  HomePage :100 - Enter Zipcode[[ChromeDriver: chrome on WINDOWS (e72af8b7892509c87fb5f0aea2fb842a)] -> id: customer.address.zipCode]
2023-07-04 13:07:349 INFO  HomePage :104 - Enter Phone number[[ChromeDriver: chrome on WINDOWS (e72af8b7892509c87fb5f0aea2fb842a)] -> id: customer.phoneNumber]
2023-07-04 13:07:408 INFO  HomePage :114 - Enter Social Security no.[[ChromeDriver: chrome on WINDOWS (e72af8b7892509c87fb5f0aea2fb842a)] -> id: customer.ssn]
2023-07-04 13:07:471 INFO  HomePage :108 - Enter Username[[ChromeDriver: chrome on WINDOWS (e72af8b7892509c87fb5f0aea2fb842a)] -> id: customer.username]
2023-07-04 13:07:533 INFO  HomePage :118 - Enter Password[[ChromeDriver: chrome on WINDOWS (e72af8b7892509c87fb5f0aea2fb842a)] -> id: customer.password]
2023-07-04 13:07:598 INFO  HomePage :122 - Enter Confirm Password[[ChromeDriver: chrome on WINDOWS (e72af8b7892509c87fb5f0aea2fb842a)] -> id: repeatedPassword]
2023-07-04 13:07:663 INFO  HomePage :126 - Click on Register Button[[ChromeDriver: chrome on WINDOWS (e72af8b7892509c87fb5f0aea2fb842a)] -> xpath: //input[@value='Register']]
2023-07-04 13:07:980 INFO  HomePage :130 - Verify Account Created Text[[ChromeDriver: chrome on WINDOWS (e72af8b7892509c87fb5f0aea2fb842a)] -> xpath: //div[@id='rightPanel']/p]
2023-07-04 13:07:659 INFO  ManageBrowser :32 - launching chrome browser
2023-07-04 13:07:795 INFO  HomePage :47 - Enter Username[[ChromeDriver: chrome on WINDOWS (defa0bf7a2cf6d63645210b6f012c385)] -> xpath: //input[@name='username']]
2023-07-04 13:07:947 INFO  HomePage :51 - Enter Password[[ChromeDriver: chrome on WINDOWS (defa0bf7a2cf6d63645210b6f012c385)] -> xpath: //input[@name='password']]
2023-07-04 13:07:107 INFO  HomePage :55 - Click on Login Button[[ChromeDriver: chrome on WINDOWS (defa0bf7a2cf6d63645210b6f012c385)] -> xpath: //input[@value='Log In']]
2023-07-04 13:07:596 INFO  HomePage :59 - Verify Text[[ChromeDriver: chrome on WINDOWS (defa0bf7a2cf6d63645210b6f012c385)] -> xpath: //h1[@class='title']]
2023-07-04 13:07:981 INFO  ManageBrowser :32 - launching chrome browser
2023-07-04 13:07:849 INFO  HomePage :47 - Enter Username[[ChromeDriver: chrome on WINDOWS (69098256f2513cffdbf0b8ee5e9d8855)] -> xpath: //input[@name='username']]
2023-07-04 13:07:79 INFO  HomePage :51 - Enter Password[[ChromeDriver: chrome on WINDOWS (69098256f2513cffdbf0b8ee5e9d8855)] -> xpath: //input[@name='password']]
2023-07-04 13:07:262 INFO  HomePage :55 - Click on Login Button[[ChromeDriver: chrome on WINDOWS (69098256f2513cffdbf0b8ee5e9d8855)] -> xpath: //input[@value='Log In']]
2023-07-04 13:07:795 INFO  HomePage :63 - Verify Error Text[[ChromeDriver: chrome on WINDOWS (69098256f2513cffdbf0b8ee5e9d8855)] -> xpath: //*[@id='rightPanel']/p]
2023-07-04 13:07:904 INFO  ManageBrowser :32 - launching chrome browser
2023-07-04 13:07:359 INFO  HomePage :47 - Enter Username[[ChromeDriver: chrome on WINDOWS (ee9e8d7dfc1ec11d555000439ddd4b62)] -> xpath: //input[@name='username']]
2023-07-04 13:07:569 INFO  HomePage :51 - Enter Password[[ChromeDriver: chrome on WINDOWS (ee9e8d7dfc1ec11d555000439ddd4b62)] -> xpath: //input[@name='password']]
2023-07-04 13:07:755 INFO  HomePage :55 - Click on Login Button[[ChromeDriver: chrome on WINDOWS (ee9e8d7dfc1ec11d555000439ddd4b62)] -> xpath: //input[@value='Log In']]
2023-07-04 13:07:356 INFO  HomePage :63 - Verify Error Text[[ChromeDriver: chrome on WINDOWS (ee9e8d7dfc1ec11d555000439ddd4b62)] -> xpath: //*[@id='rightPanel']/p]
2023-07-04 13:07:810 INFO  ManageBrowser :32 - launching chrome browser
2023-07-04 13:07:152 INFO  HomePage :47 - Enter Username[[ChromeDriver: chrome on WINDOWS (fe53d2c9fd763e8fa679439d0a2a86dc)] -> xpath: //input[@name='username']]
2023-07-04 13:07:368 INFO  HomePage :51 - Enter Password[[ChromeDriver: chrome on WINDOWS (fe53d2c9fd763e8fa679439d0a2a86dc)] -> xpath: //input[@name='password']]
2023-07-04 13:07:572 INFO  HomePage :55 - Click on Login Button[[ChromeDriver: chrome on WINDOWS (fe53d2c9fd763e8fa679439d0a2a86dc)] -> xpath: //input[@value='Log In']]
2023-07-04 13:07:419 INFO  HomePage :63 - Verify Error Text[[ChromeDriver: chrome on WINDOWS (fe53d2c9fd763e8fa679439d0a2a86dc)] -> xpath: //*[@id='rightPanel']/p]
2023-07-04 13:07:307 INFO  ManageBrowser :32 - launching chrome browser
2023-07-04 13:07:904 INFO  HomePage :76 - Click on Register Button[[ChromeDriver: chrome on WINDOWS (f4f49632f9818dc2fdb7f8e3a68db294)] -> link text: Register]
2023-07-04 13:07:332 INFO  HomePage :80 - Enter Firstname[[ChromeDriver: chrome on WINDOWS (f4f49632f9818dc2fdb7f8e3a68db294)] -> id: customer.firstName]
2023-07-04 13:07:509 INFO  HomePage :84 - Enter Lastname[[ChromeDriver: chrome on WINDOWS (f4f49632f9818dc2fdb7f8e3a68db294)] -> id: customer.lastName]
2023-07-04 13:07:661 INFO  HomePage :88 - Enter Street Address[[ChromeDriver: chrome on WINDOWS (f4f49632f9818dc2fdb7f8e3a68db294)] -> id: customer.address.street]
2023-07-04 13:07:817 INFO  HomePage :92 - Enter City[[ChromeDriver: chrome on WINDOWS (f4f49632f9818dc2fdb7f8e3a68db294)] -> id: customer.address.city]
2023-07-04 13:07:959 INFO  HomePage :96 - Enter State[[ChromeDriver: chrome on WINDOWS (f4f49632f9818dc2fdb7f8e3a68db294)] -> id: customer.address.state]
2023-07-04 13:07:53 INFO  HomePage :100 - Enter Zipcode[[ChromeDriver: chrome on WINDOWS (f4f49632f9818dc2fdb7f8e3a68db294)] -> id: customer.address.zipCode]
2023-07-04 13:07:196 INFO  HomePage :104 - Enter Phone number[[ChromeDriver: chrome on WINDOWS (f4f49632f9818dc2fdb7f8e3a68db294)] -> id: customer.phoneNumber]
2023-07-04 13:07:412 INFO  HomePage :114 - Enter Social Security no.[[ChromeDriver: chrome on WINDOWS (f4f49632f9818dc2fdb7f8e3a68db294)] -> id: customer.ssn]
2023-07-04 13:07:598 INFO  HomePage :108 - Enter Username[[ChromeDriver: chrome on WINDOWS (f4f49632f9818dc2fdb7f8e3a68db294)] -> id: customer.username]
2023-07-04 13:07:771 INFO  HomePage :118 - Enter Password[[ChromeDriver: chrome on WINDOWS (f4f49632f9818dc2fdb7f8e3a68db294)] -> id: customer.password]
2023-07-04 13:07:864 INFO  HomePage :122 - Enter Confirm Password[[ChromeDriver: chrome on WINDOWS (f4f49632f9818dc2fdb7f8e3a68db294)] -> id: repeatedPassword]
2023-07-04 13:07:01 INFO  HomePage :126 - Click on Register Button[[ChromeDriver: chrome on WINDOWS (f4f49632f9818dc2fdb7f8e3a68db294)] -> xpath: //input[@value='Register']]
2023-07-04 13:07:407 INFO  HomePage :130 - Verify Account Created Text[[ChromeDriver: chrome on WINDOWS (f4f49632f9818dc2fdb7f8e3a68db294)] -> xpath: //div[@id='rightPanel']/p]
2023-07-04 13:07:803 INFO  ManageBrowser :32 - launching chrome browser
2023-07-04 13:07:734 INFO  HomePage :47 - Enter Username[[ChromeDriver: chrome on WINDOWS (9ce292e31a888b5339a120629b4f836c)] -> xpath: //input[@name='username']]
2023-07-04 13:07:882 INFO  HomePage :51 - Enter Password[[ChromeDriver: chrome on WINDOWS (9ce292e31a888b5339a120629b4f836c)] -> xpath: //input[@name='password']]
2023-07-04 13:07:95 INFO  HomePage :55 - Click on Login Button[[ChromeDriver: chrome on WINDOWS (9ce292e31a888b5339a120629b4f836c)] -> xpath: //input[@value='Log In']]
2023-07-04 13:07:712 INFO  HomePage :59 - Verify Text[[ChromeDriver: chrome on WINDOWS (9ce292e31a888b5339a120629b4f836c)] -> xpath: //h1[@class='title']]
2023-07-04 13:07:766 INFO  HomePage :67 - Click on Logout Button[[ChromeDriver: chrome on WINDOWS (9ce292e31a888b5339a120629b4f836c)] -> xpath: //div[@id='leftPanel']/ul/li[8]/a]
2023-07-04 13:07:280 INFO  HomePage :71 - Verify Customer Login Text[[ChromeDriver: chrome on WINDOWS (9ce292e31a888b5339a120629b4f836c)] -> xpath: //div[@id='leftPanel']/h2]
2023-07-04 13:07:404 INFO  ManageBrowser :32 - launching chrome browser
2023-07-04 13:07:844 INFO  HomePage :47 - Enter Username[[ChromeDriver: chrome on WINDOWS (06ec29987908a7958f60b6f709c6e543)] -> xpath: //input[@name='username']]
2023-07-04 13:07:01 INFO  HomePage :51 - Enter Password[[ChromeDriver: chrome on WINDOWS (06ec29987908a7958f60b6f709c6e543)] -> xpath: //input[@name='password']]
2023-07-04 13:07:145 INFO  HomePage :55 - Click on Login Button[[ChromeDriver: chrome on WINDOWS (06ec29987908a7958f60b6f709c6e543)] -> xpath: //input[@value='Log In']]
2023-07-04 13:07:597 INFO  HomePage :63 - Verify Error Text[[ChromeDriver: chrome on WINDOWS (06ec29987908a7958f60b6f709c6e543)] -> xpath: //*[@id='rightPanel']/p]
2023-07-04 13:07:472 INFO  ManageBrowser :32 - launching chrome browser
2023-07-04 13:07:675 INFO  HomePage :47 - Enter Username[[ChromeDriver: chrome on WINDOWS (252e81f0a9f3c8ae402559a1faf0174a)] -> xpath: //input[@name='username']]
2023-07-04 13:07:801 INFO  HomePage :51 - Enter Password[[ChromeDriver: chrome on WINDOWS (252e81f0a9f3c8ae402559a1faf0174a)] -> xpath: //input[@name='password']]
2023-07-04 13:07:952 INFO  HomePage :55 - Click on Login Button[[ChromeDriver: chrome on WINDOWS (252e81f0a9f3c8ae402559a1faf0174a)] -> xpath: //input[@value='Log In']]
2023-07-04 13:07:344 INFO  HomePage :63 - Verify Error Text[[ChromeDriver: chrome on WINDOWS (252e81f0a9f3c8ae402559a1faf0174a)] -> xpath: //*[@id='rightPanel']/p]
2023-07-04 13:07:215 INFO  ManageBrowser :32 - launching chrome browser
2023-07-04 13:07:868 INFO  HomePage :47 - Enter Username[[ChromeDriver: chrome on WINDOWS (c4aa525ccb3f0a940b15fd5434672757)] -> xpath: //input[@name='username']]
2023-07-04 13:07:994 INFO  HomePage :51 - Enter Password[[ChromeDriver: chrome on WINDOWS (c4aa525ccb3f0a940b15fd5434672757)] -> xpath: //input[@name='password']]
2023-07-04 13:07:146 INFO  HomePage :55 - Click on Login Button[[ChromeDriver: chrome on WINDOWS (c4aa525ccb3f0a940b15fd5434672757)] -> xpath: //input[@value='Log In']]
2023-07-04 13:07:574 INFO  HomePage :63 - Verify Error Text[[ChromeDriver: chrome on WINDOWS (c4aa525ccb3f0a940b15fd5434672757)] -> xpath: //*[@id='rightPanel']/p]
2023-07-04 13:07:439 INFO  ManageBrowser :32 - launching chrome browser
2023-07-04 13:07:659 INFO  HomePage :76 - Click on Register Button[[ChromeDriver: chrome on WINDOWS (0e183288f8bb49526a8a5fc85d3ff2dc)] -> link text: Register]
2023-07-04 13:07:75 INFO  HomePage :80 - Enter Firstname[[ChromeDriver: chrome on WINDOWS (0e183288f8bb49526a8a5fc85d3ff2dc)] -> id: customer.firstName]
2023-07-04 13:07:333 INFO  HomePage :84 - Enter Lastname[[ChromeDriver: chrome on WINDOWS (0e183288f8bb49526a8a5fc85d3ff2dc)] -> id: customer.lastName]
2023-07-04 13:07:488 INFO  HomePage :88 - Enter Street Address[[ChromeDriver: chrome on WINDOWS (0e183288f8bb49526a8a5fc85d3ff2dc)] -> id: customer.address.street]
2023-07-04 13:07:640 INFO  HomePage :92 - Enter City[[ChromeDriver: chrome on WINDOWS (0e183288f8bb49526a8a5fc85d3ff2dc)] -> id: customer.address.city]
2023-07-04 13:07:733 INFO  HomePage :96 - Enter State[[ChromeDriver: chrome on WINDOWS (0e183288f8bb49526a8a5fc85d3ff2dc)] -> id: customer.address.state]
2023-07-04 13:07:859 INFO  HomePage :100 - Enter Zipcode[[ChromeDriver: chrome on WINDOWS (0e183288f8bb49526a8a5fc85d3ff2dc)] -> id: customer.address.zipCode]
2023-07-04 13:07:988 INFO  HomePage :104 - Enter Phone number[[ChromeDriver: chrome on WINDOWS (0e183288f8bb49526a8a5fc85d3ff2dc)] -> id: customer.phoneNumber]
2023-07-04 13:07:124 INFO  HomePage :114 - Enter Social Security no.[[ChromeDriver: chrome on WINDOWS (0e183288f8bb49526a8a5fc85d3ff2dc)] -> id: customer.ssn]
2023-07-04 13:07:244 INFO  HomePage :108 - Enter Username[[ChromeDriver: chrome on WINDOWS (0e183288f8bb49526a8a5fc85d3ff2dc)] -> id: customer.username]
2023-07-04 13:07:357 INFO  HomePage :118 - Enter Password[[ChromeDriver: chrome on WINDOWS (0e183288f8bb49526a8a5fc85d3ff2dc)] -> id: customer.password]
2023-07-04 13:07:466 INFO  HomePage :122 - Enter Confirm Password[[ChromeDriver: chrome on WINDOWS (0e183288f8bb49526a8a5fc85d3ff2dc)] -> id: repeatedPassword]
2023-07-04 13:07:589 INFO  HomePage :126 - Click on Register Button[[ChromeDriver: chrome on WINDOWS (0e183288f8bb49526a8a5fc85d3ff2dc)] -> xpath: //input[@value='Register']]
2023-07-04 13:07:39 INFO  HomePage :130 - Verify Account Created Text[[ChromeDriver: chrome on WINDOWS (0e183288f8bb49526a8a5fc85d3ff2dc)] -> xpath: //div[@id='rightPanel']/p]
2023-07-04 13:07:337 INFO  ManageBrowser :32 - launching chrome browser
2023-07-04 13:07:310 INFO  HomePage :47 - Enter Username[[ChromeDriver: chrome on WINDOWS (f5619f259575033567ac39238d156a57)] -> xpath: //input[@name='username']]
2023-07-04 13:07:468 INFO  HomePage :51 - Enter Password[[ChromeDriver: chrome on WINDOWS (f5619f259575033567ac39238d156a57)] -> xpath: //input[@name='password']]
2023-07-04 13:07:666 INFO  HomePage :55 - Click on Login Button[[ChromeDriver: chrome on WINDOWS (f5619f259575033567ac39238d156a57)] -> xpath: //input[@value='Log In']]
2023-07-04 13:07:59 INFO  HomePage :59 - Verify Text[[ChromeDriver: chrome on WINDOWS (f5619f259575033567ac39238d156a57)] -> xpath: //h1[@class='title']]
2023-07-04 13:07:105 INFO  HomePage :67 - Click on Logout Button[[ChromeDriver: chrome on WINDOWS (f5619f259575033567ac39238d156a57)] -> xpath: //div[@id='leftPanel']/ul/li[8]/a]
2023-07-04 13:07:489 INFO  HomePage :71 - Verify Customer Login Text[[ChromeDriver: chrome on WINDOWS (f5619f259575033567ac39238d156a57)] -> xpath: //div[@id='leftPanel']/h2]
2023-07-04 13:07:339 INFO  ManageBrowser :32 - launching chrome browser
2023-07-04 13:07:152 INFO  HomePage :47 - Enter Username[[ChromeDriver: chrome on WINDOWS (1ed5a5ade9c3b475a2a6161d1f074aff)] -> xpath: //input[@name='username']]
2023-07-04 13:07:277 INFO  HomePage :51 - Enter Password[[ChromeDriver: chrome on WINDOWS (1ed5a5ade9c3b475a2a6161d1f074aff)] -> xpath: //input[@name='password']]
2023-07-04 13:07:394 INFO  HomePage :55 - Click on Login Button[[ChromeDriver: chrome on WINDOWS (1ed5a5ade9c3b475a2a6161d1f074aff)] -> xpath: //input[@value='Log In']]
2023-07-04 13:07:658 INFO  HomePage :63 - Verify Error Text[[ChromeDriver: chrome on WINDOWS (1ed5a5ade9c3b475a2a6161d1f074aff)] -> xpath: //*[@id='rightPanel']/p]
2023-07-04 13:07:367 INFO  ManageBrowser :32 - launching chrome browser
2023-07-04 13:07:361 INFO  HomePage :47 - Enter Username[[ChromeDriver: chrome on WINDOWS (258a839fae2d440fa3f5c5f4515737b5)] -> xpath: //input[@name='username']]
2023-07-04 13:07:502 INFO  HomePage :51 - Enter Password[[ChromeDriver: chrome on WINDOWS (258a839fae2d440fa3f5c5f4515737b5)] -> xpath: //input[@name='password']]
2023-07-04 13:07:622 INFO  HomePage :55 - Click on Login Button[[ChromeDriver: chrome on WINDOWS (258a839fae2d440fa3f5c5f4515737b5)] -> xpath: //input[@value='Log In']]
2023-07-04 13:07:914 INFO  HomePage :63 - Verify Error Text[[ChromeDriver: chrome on WINDOWS (258a839fae2d440fa3f5c5f4515737b5)] -> xpath: //*[@id='rightPanel']/p]
2023-07-04 13:07:661 INFO  ManageBrowser :32 - launching chrome browser
2023-07-04 13:07:705 INFO  HomePage :47 - Enter Username[[ChromeDriver: chrome on WINDOWS (282b4da896db6ef059b8f3d7850500f1)] -> xpath: //input[@name='username']]
2023-07-04 13:07:819 INFO  HomePage :51 - Enter Password[[ChromeDriver: chrome on WINDOWS (282b4da896db6ef059b8f3d7850500f1)] -> xpath: //input[@name='password']]
2023-07-04 13:07:945 INFO  HomePage :55 - Click on Login Button[[ChromeDriver: chrome on WINDOWS (282b4da896db6ef059b8f3d7850500f1)] -> xpath: //input[@value='Log In']]
2023-07-04 13:07:217 INFO  HomePage :63 - Verify Error Text[[ChromeDriver: chrome on WINDOWS (282b4da896db6ef059b8f3d7850500f1)] -> xpath: //*[@id='rightPanel']/p]
2023-07-04 13:07:976 INFO  ManageBrowser :32 - launching chrome browser
2023-07-04 13:07:266 INFO  HomePage :76 - Click on Register Button[[ChromeDriver: chrome on WINDOWS (44eb40f429f8ba2a3360c59c4f1b4faa)] -> link text: Register]
2023-07-04 13:07:701 INFO  HomePage :80 - Enter Firstname[[ChromeDriver: chrome on WINDOWS (44eb40f429f8ba2a3360c59c4f1b4faa)] -> id: customer.firstName]
2023-07-04 13:07:822 INFO  HomePage :84 - Enter Lastname[[ChromeDriver: chrome on WINDOWS (44eb40f429f8ba2a3360c59c4f1b4faa)] -> id: customer.lastName]
2023-07-04 13:07:916 INFO  HomePage :88 - Enter Street Address[[ChromeDriver: chrome on WINDOWS (44eb40f429f8ba2a3360c59c4f1b4faa)] -> id: customer.address.street]
2023-07-04 13:07:05 INFO  HomePage :92 - Enter City[[ChromeDriver: chrome on WINDOWS (44eb40f429f8ba2a3360c59c4f1b4faa)] -> id: customer.address.city]
2023-07-04 13:07:74 INFO  HomePage :96 - Enter State[[ChromeDriver: chrome on WINDOWS (44eb40f429f8ba2a3360c59c4f1b4faa)] -> id: customer.address.state]
2023-07-04 13:07:136 INFO  HomePage :100 - Enter Zipcode[[ChromeDriver: chrome on WINDOWS (44eb40f429f8ba2a3360c59c4f1b4faa)] -> id: customer.address.zipCode]
2023-07-04 13:07:196 INFO  HomePage :104 - Enter Phone number[[ChromeDriver: chrome on WINDOWS (44eb40f429f8ba2a3360c59c4f1b4faa)] -> id: customer.phoneNumber]
2023-07-04 13:07:258 INFO  HomePage :114 - Enter Social Security no.[[ChromeDriver: chrome on WINDOWS (44eb40f429f8ba2a3360c59c4f1b4faa)] -> id: customer.ssn]
2023-07-04 13:07:326 INFO  HomePage :108 - Enter Username[[ChromeDriver: chrome on WINDOWS (44eb40f429f8ba2a3360c59c4f1b4faa)] -> id: customer.username]
2023-07-04 13:07:383 INFO  HomePage :118 - Enter Password[[ChromeDriver: chrome on WINDOWS (44eb40f429f8ba2a3360c59c4f1b4faa)] -> id: customer.password]
2023-07-04 13:07:441 INFO  HomePage :122 - Enter Confirm Password[[ChromeDriver: chrome on WINDOWS (44eb40f429f8ba2a3360c59c4f1b4faa)] -> id: repeatedPassword]
2023-07-04 13:07:503 INFO  HomePage :126 - Click on Register Button[[ChromeDriver: chrome on WINDOWS (44eb40f429f8ba2a3360c59c4f1b4faa)] -> xpath: //input[@value='Register']]
2023-07-04 13:07:805 INFO  HomePage :130 - Verify Account Created Text[[ChromeDriver: chrome on WINDOWS (44eb40f429f8ba2a3360c59c4f1b4faa)] -> xpath: //div[@id='rightPanel']/p]
2023-07-04 13:07:637 INFO  ManageBrowser :32 - launching chrome browser
2023-07-04 13:07:908 INFO  HomePage :47 - Enter Username[[ChromeDriver: chrome on WINDOWS (30b391c982f9386e743080b72e627a83)] -> xpath: //input[@name='username']]
2023-07-04 13:07:45 INFO  HomePage :51 - Enter Password[[ChromeDriver: chrome on WINDOWS (30b391c982f9386e743080b72e627a83)] -> xpath: //input[@name='password']]
2023-07-04 13:07:227 INFO  HomePage :55 - Click on Login Button[[ChromeDriver: chrome on WINDOWS (30b391c982f9386e743080b72e627a83)] -> xpath: //input[@value='Log In']]
2023-07-04 13:07:921 INFO  HomePage :59 - Verify Text[[ChromeDriver: chrome on WINDOWS (30b391c982f9386e743080b72e627a83)] -> xpath: //h1[@class='title']]
2023-07-04 13:07:977 INFO  HomePage :67 - Click on Logout Button[[ChromeDriver: chrome on WINDOWS (30b391c982f9386e743080b72e627a83)] -> xpath: //div[@id='leftPanel']/ul/li[8]/a]
2023-07-04 13:07:474 INFO  HomePage :71 - Verify Customer Login Text[[ChromeDriver: chrome on WINDOWS (30b391c982f9386e743080b72e627a83)] -> xpath: //div[@id='leftPanel']/h2]
2023-07-04 13:07:530 INFO  ManageBrowser :32 - launching chrome browser
2023-07-04 13:07:430 INFO  HomePage :47 - Enter Username[[ChromeDriver: chrome on WINDOWS (7956ff8c4c7ff8fc5ab1398a1d8da8dc)] -> xpath: //input[@name='username']]
2023-07-04 13:07:589 INFO  HomePage :51 - Enter Password[[ChromeDriver: chrome on WINDOWS (7956ff8c4c7ff8fc5ab1398a1d8da8dc)] -> xpath: //input[@name='password']]
2023-07-04 13:07:741 INFO  HomePage :55 - Click on Login Button[[ChromeDriver: chrome on WINDOWS (7956ff8c4c7ff8fc5ab1398a1d8da8dc)] -> xpath: //input[@value='Log In']]
2023-07-04 13:07:314 INFO  HomePage :63 - Verify Error Text[[ChromeDriver: chrome on WINDOWS (7956ff8c4c7ff8fc5ab1398a1d8da8dc)] -> xpath: //*[@id='rightPanel']/p]
2023-07-04 13:07:235 INFO  ManageBrowser :32 - launching chrome browser
2023-07-04 13:07:75 INFO  HomePage :47 - Enter Username[[ChromeDriver: chrome on WINDOWS (49745a14992ad06840129776f242177e)] -> xpath: //input[@name='username']]
2023-07-04 13:07:200 INFO  HomePage :51 - Enter Password[[ChromeDriver: chrome on WINDOWS (49745a14992ad06840129776f242177e)] -> xpath: //input[@name='password']]
2023-07-04 13:07:356 INFO  HomePage :55 - Click on Login Button[[ChromeDriver: chrome on WINDOWS (49745a14992ad06840129776f242177e)] -> xpath: //input[@value='Log In']]
2023-07-04 13:07:959 INFO  HomePage :63 - Verify Error Text[[ChromeDriver: chrome on WINDOWS (49745a14992ad06840129776f242177e)] -> xpath: //*[@id='rightPanel']/p]
2023-07-04 13:07:821 INFO  ManageBrowser :32 - launching chrome browser
2023-07-04 13:07:28 INFO  HomePage :47 - Enter Username[[ChromeDriver: chrome on WINDOWS (1889defdc548c3a63fff0e8bcf724955)] -> xpath: //input[@name='username']]
2023-07-04 13:07:302 INFO  HomePage :51 - Enter Password[[ChromeDriver: chrome on WINDOWS (1889defdc548c3a63fff0e8bcf724955)] -> xpath: //input[@name='password']]
2023-07-04 13:07:446 INFO  HomePage :55 - Click on Login Button[[ChromeDriver: chrome on WINDOWS (1889defdc548c3a63fff0e8bcf724955)] -> xpath: //input[@value='Log In']]
2023-07-04 13:07:75 INFO  HomePage :63 - Verify Error Text[[ChromeDriver: chrome on WINDOWS (1889defdc548c3a63fff0e8bcf724955)] -> xpath: //*[@id='rightPanel']/p]
2023-07-04 13:07:979 INFO  ManageBrowser :32 - launching chrome browser
2023-07-04 13:07:531 INFO  HomePage :76 - Click on Register Button[[ChromeDriver: chrome on WINDOWS (b7d592e98deda85ae9d6e915dbad22e6)] -> link text: Register]
2023-07-04 13:07:374 INFO  HomePage :80 - Enter Firstname[[ChromeDriver: chrome on WINDOWS (b7d592e98deda85ae9d6e915dbad22e6)] -> id: customer.firstName]
2023-07-04 13:07:532 INFO  HomePage :84 - Enter Lastname[[ChromeDriver: chrome on WINDOWS (b7d592e98deda85ae9d6e915dbad22e6)] -> id: customer.lastName]
2023-07-04 13:07:743 INFO  HomePage :88 - Enter Street Address[[ChromeDriver: chrome on WINDOWS (b7d592e98deda85ae9d6e915dbad22e6)] -> id: customer.address.street]
2023-07-04 13:07:19 INFO  HomePage :92 - Enter City[[ChromeDriver: chrome on WINDOWS (b7d592e98deda85ae9d6e915dbad22e6)] -> id: customer.address.city]
2023-07-04 13:07:165 INFO  HomePage :96 - Enter State[[ChromeDriver: chrome on WINDOWS (b7d592e98deda85ae9d6e915dbad22e6)] -> id: customer.address.state]
2023-07-04 13:07:278 INFO  HomePage :100 - Enter Zipcode[[ChromeDriver: chrome on WINDOWS (b7d592e98deda85ae9d6e915dbad22e6)] -> id: customer.address.zipCode]
2023-07-04 13:07:449 INFO  HomePage :104 - Enter Phone number[[ChromeDriver: chrome on WINDOWS (b7d592e98deda85ae9d6e915dbad22e6)] -> id: customer.phoneNumber]
2023-07-04 13:07:574 INFO  HomePage :114 - Enter Social Security no.[[ChromeDriver: chrome on WINDOWS (b7d592e98deda85ae9d6e915dbad22e6)] -> id: customer.ssn]
2023-07-04 13:07:781 INFO  HomePage :108 - Enter Username[[ChromeDriver: chrome on WINDOWS (b7d592e98deda85ae9d6e915dbad22e6)] -> id: customer.username]
2023-07-04 13:07:911 INFO  HomePage :118 - Enter Password[[ChromeDriver: chrome on WINDOWS (b7d592e98deda85ae9d6e915dbad22e6)] -> id: customer.password]
2023-07-04 13:07:101 INFO  HomePage :122 - Enter Confirm Password[[ChromeDriver: chrome on WINDOWS (b7d592e98deda85ae9d6e915dbad22e6)] -> id: repeatedPassword]
2023-07-04 13:07:197 INFO  HomePage :126 - Click on Register Button[[ChromeDriver: chrome on WINDOWS (b7d592e98deda85ae9d6e915dbad22e6)] -> xpath: //input[@value='Register']]
2023-07-04 13:07:819 INFO  HomePage :130 - Verify Account Created Text[[ChromeDriver: chrome on WINDOWS (b7d592e98deda85ae9d6e915dbad22e6)] -> xpath: //div[@id='rightPanel']/p]
